<?xml version="1.0" encoding="utf-8"?>
<shfbBuild product="Sandcastle Help File Builder" version="1.9.7.0" projectFile="F:\TELERIK\01 C#\04. High Quality Code\Homeworks\HW_04_CodeDocumentationAndComments\Sandcastle.shfbproj" started="14.5.2013 г. 17:33:18 ч.">
<buildStep step="Initializing">
Finding tools...
Found Sandcastle tools in &#39;C:\Program Files (x86)\Sandcastle\&#39;
Searching for HTML Help 1 compiler...
Found HTML Help 1 compiler in &#39;C:\Program Files (x86)\HTML Help Workshop\&#39;
</buildStep>
<buildStep step="ValidatingDocumentationSources">
Validating and copying documentation source information
Source: F:\TELERIK\01 C#\04. High Quality Code\Homeworks\HW_04_CodeDocumentationAndComments\StringExtensions.sln
    Found project &#39;F:\TELERIK\01 C#\04. High Quality Code\Homeworks\HW_04_CodeDocumentationAndComments\StringExtensions.csproj&#39;

Parsing project files
    Found assembly &#39;F:\TELERIK\01 C#\04. High Quality Code\Homeworks\HW_04_CodeDocumentationAndComments\bin\Debug\StringExtensions.dll&#39;

References to include (excluding framework assemblies):
    None
SHFB: Warning BE0062: No XML comments files found.  The help file will not contain any member comments.
</buildStep>
<buildStep step="GenerateSharedContent">
Generating shared content files (en-US, English (United States))...
    Last step completed in 00:00:00.1130
</buildStep>
<buildStep step="GenerateApiFilter">
Generating API filter for MRefBuilder...
    Last step completed in 00:00:00.0060
</buildStep>
<buildStep step="GenerateReflectionInfo">
Generating reflection information...
[C:\Windows\Microsoft.NET\Framework64\v4.0.30319\MSBuild.exe]
  MRefBuilder (v2.7.3.0)
  Copyright c 2006-2013, Microsoft Corporation, All Rights Reserved.
  Portions Copyright c 2006-2013, Eric Woodruff, All Rights Reserved.
  Info: Loaded 1 assemblies for reflection and 1 dependency assemblies.
  Info: Wrote information on 1 namespaces, 1 types, and 16 members
  XslTransform (v2.7.3.0)
  Copyright c 2006-2013, Microsoft Corporation, All Rights Reserved.
  Portions Copyright c 2006-2013, Eric Woodruff, All Rights Reserved.
  Info: Applying XSL transformation &#39;C:\Program Files (x86)\Sandcastle\ProductionTransforms\MergeDuplicates.xsl&#39;.
    Last step completed in 00:00:02.2151
</buildStep>
<buildStep step="GenerateNamespaceSummaries">
Generating namespace summary information...
    Last step completed in 00:00:00.0150
</buildStep>
<buildStep step="ApplyVisibilityProperties">
Applying visibility properties to reflection information file
    0 attribute nodes removed
    0 explicit interface implementations removed
    0 local and base class EII elements removed
    Last step completed in 00:00:00.0250
</buildStep>
<buildStep step="TransformReflectionInfo">
Transforming reflection output...
[C:\Windows\Microsoft.NET\Framework64\v4.0.30319\MSBuild.exe]
  XslTransform (v2.7.3.0)
  Copyright c 2006-2013, Microsoft Corporation, All Rights Reserved.
  Portions Copyright c 2006-2013, Eric Woodruff, All Rights Reserved.
  Info: Applying XSL transformation &#39;C:\Program Files (x86)\Sandcastle\\ProductionTransforms\ApplyVSDocModel.xsl&#39;.
  Info: Applying XSL transformation &#39;C:\Program Files (x86)\Sandcastle\ProductionTransforms\AddGuidFilenames.xsl&#39;.
  XslTransform (v2.7.3.0)
  Copyright c 2006-2013, Microsoft Corporation, All Rights Reserved.
  Portions Copyright c 2006-2013, Eric Woodruff, All Rights Reserved.
  Info: Applying XSL transformation &#39;C:\Program Files (x86)\Sandcastle\ProductionTransforms\ReflectionToManifest.xsl&#39;.
    Last step completed in 00:00:01.4131
</buildStep>
<buildStep step="ModifyHelpTopicFilenames">
Modifying help topic filenames in reflection information file
    No changes required
    Last step completed in 00:00:00.0050
</buildStep>
<buildStep step="CopyStandardContent">
Copying standard help content...
C:\Program Files (x86)\Sandcastle\\Presentation\VS2005\icons\adm.gif -&gt; F:\TELERIK\01 C#\04. High Quality Code\Homeworks\HW_04_CodeDocumentationAndComments\Help\Working\Output\HtmlHelp1\icons\adm.gif
C:\Program Files (x86)\Sandcastle\\Presentation\VS2005\icons\adm_arch.gif -&gt; F:\TELERIK\01 C#\04. High Quality Code\Homeworks\HW_04_CodeDocumentationAndComments\Help\Working\Output\HtmlHelp1\icons\adm_arch.gif
C:\Program Files (x86)\Sandcastle\\Presentation\VS2005\icons\adm_dev.gif -&gt; F:\TELERIK\01 C#\04. High Quality Code\Homeworks\HW_04_CodeDocumentationAndComments\Help\Working\Output\HtmlHelp1\icons\adm_dev.gif
C:\Program Files (x86)\Sandcastle\\Presentation\VS2005\icons\adm_dev_arch.gif -&gt; F:\TELERIK\01 C#\04. High Quality Code\Homeworks\HW_04_CodeDocumentationAndComments\Help\Working\Output\HtmlHelp1\icons\adm_dev_arch.gif
C:\Program Files (x86)\Sandcastle\\Presentation\VS2005\icons\alert_caution.gif -&gt; F:\TELERIK\01 C#\04. High Quality Code\Homeworks\HW_04_CodeDocumentationAndComments\Help\Working\Output\HtmlHelp1\icons\alert_caution.gif
C:\Program Files (x86)\Sandcastle\\Presentation\VS2005\icons\alert_note.gif -&gt; F:\TELERIK\01 C#\04. High Quality Code\Homeworks\HW_04_CodeDocumentationAndComments\Help\Working\Output\HtmlHelp1\icons\alert_note.gif
C:\Program Files (x86)\Sandcastle\\Presentation\VS2005\icons\alert_security.gif -&gt; F:\TELERIK\01 C#\04. High Quality Code\Homeworks\HW_04_CodeDocumentationAndComments\Help\Working\Output\HtmlHelp1\icons\alert_security.gif
C:\Program Files (x86)\Sandcastle\\Presentation\VS2005\icons\arch.gif -&gt; F:\TELERIK\01 C#\04. High Quality Code\Homeworks\HW_04_CodeDocumentationAndComments\Help\Working\Output\HtmlHelp1\icons\arch.gif
C:\Program Files (x86)\Sandcastle\\Presentation\VS2005\icons\big_adm.gif -&gt; F:\TELERIK\01 C#\04. High Quality Code\Homeworks\HW_04_CodeDocumentationAndComments\Help\Working\Output\HtmlHelp1\icons\big_adm.gif
C:\Program Files (x86)\Sandcastle\\Presentation\VS2005\icons\big_arch.gif -&gt; F:\TELERIK\01 C#\04. High Quality Code\Homeworks\HW_04_CodeDocumentationAndComments\Help\Working\Output\HtmlHelp1\icons\big_arch.gif
C:\Program Files (x86)\Sandcastle\\Presentation\VS2005\icons\big_dev.gif -&gt; F:\TELERIK\01 C#\04. High Quality Code\Homeworks\HW_04_CodeDocumentationAndComments\Help\Working\Output\HtmlHelp1\icons\big_dev.gif
C:\Program Files (x86)\Sandcastle\\Presentation\VS2005\icons\big_kw.gif -&gt; F:\TELERIK\01 C#\04. High Quality Code\Homeworks\HW_04_CodeDocumentationAndComments\Help\Working\Output\HtmlHelp1\icons\big_kw.gif
C:\Program Files (x86)\Sandcastle\\Presentation\VS2005\icons\box.gif -&gt; F:\TELERIK\01 C#\04. High Quality Code\Homeworks\HW_04_CodeDocumentationAndComments\Help\Working\Output\HtmlHelp1\icons\box.gif
C:\Program Files (x86)\Sandcastle\\Presentation\VS2005\icons\Caution.gif -&gt; F:\TELERIK\01 C#\04. High Quality Code\Homeworks\HW_04_CodeDocumentationAndComments\Help\Working\Output\HtmlHelp1\icons\Caution.gif
C:\Program Files (x86)\Sandcastle\\Presentation\VS2005\icons\CFW.gif -&gt; F:\TELERIK\01 C#\04. High Quality Code\Homeworks\HW_04_CodeDocumentationAndComments\Help\Working\Output\HtmlHelp1\icons\CFW.gif
C:\Program Files (x86)\Sandcastle\\Presentation\VS2005\icons\collall.gif -&gt; F:\TELERIK\01 C#\04. High Quality Code\Homeworks\HW_04_CodeDocumentationAndComments\Help\Working\Output\HtmlHelp1\icons\collall.gif
C:\Program Files (x86)\Sandcastle\\Presentation\VS2005\icons\collapse.gif -&gt; F:\TELERIK\01 C#\04. High Quality Code\Homeworks\HW_04_CodeDocumentationAndComments\Help\Working\Output\HtmlHelp1\icons\collapse.gif
C:\Program Files (x86)\Sandcastle\\Presentation\VS2005\icons\collapse_all.gif -&gt; F:\TELERIK\01 C#\04. High Quality Code\Homeworks\HW_04_CodeDocumentationAndComments\Help\Working\Output\HtmlHelp1\icons\collapse_all.gif
C:\Program Files (x86)\Sandcastle\\Presentation\VS2005\icons\copycode.gif -&gt; F:\TELERIK\01 C#\04. High Quality Code\Homeworks\HW_04_CodeDocumentationAndComments\Help\Working\Output\HtmlHelp1\icons\copycode.gif
C:\Program Files (x86)\Sandcastle\\Presentation\VS2005\icons\copycodeHighlight.gif -&gt; F:\TELERIK\01 C#\04. High Quality Code\Homeworks\HW_04_CodeDocumentationAndComments\Help\Working\Output\HtmlHelp1\icons\copycodeHighlight.gif
C:\Program Files (x86)\Sandcastle\\Presentation\VS2005\icons\dev.gif -&gt; F:\TELERIK\01 C#\04. High Quality Code\Homeworks\HW_04_CodeDocumentationAndComments\Help\Working\Output\HtmlHelp1\icons\dev.gif
C:\Program Files (x86)\Sandcastle\\Presentation\VS2005\icons\dev_arch.gif -&gt; F:\TELERIK\01 C#\04. High Quality Code\Homeworks\HW_04_CodeDocumentationAndComments\Help\Working\Output\HtmlHelp1\icons\dev_arch.gif
C:\Program Files (x86)\Sandcastle\\Presentation\VS2005\icons\dropdown.gif -&gt; F:\TELERIK\01 C#\04. High Quality Code\Homeworks\HW_04_CodeDocumentationAndComments\Help\Working\Output\HtmlHelp1\icons\dropdown.gif
C:\Program Files (x86)\Sandcastle\\Presentation\VS2005\icons\dropdownHover.gif -&gt; F:\TELERIK\01 C#\04. High Quality Code\Homeworks\HW_04_CodeDocumentationAndComments\Help\Working\Output\HtmlHelp1\icons\dropdownHover.gif
C:\Program Files (x86)\Sandcastle\\Presentation\VS2005\icons\drpdown.gif -&gt; F:\TELERIK\01 C#\04. High Quality Code\Homeworks\HW_04_CodeDocumentationAndComments\Help\Working\Output\HtmlHelp1\icons\drpdown.gif
C:\Program Files (x86)\Sandcastle\\Presentation\VS2005\icons\drpdown_orange.gif -&gt; F:\TELERIK\01 C#\04. High Quality Code\Homeworks\HW_04_CodeDocumentationAndComments\Help\Working\Output\HtmlHelp1\icons\drpdown_orange.gif
C:\Program Files (x86)\Sandcastle\\Presentation\VS2005\icons\drpdown_orange_up.gif -&gt; F:\TELERIK\01 C#\04. High Quality Code\Homeworks\HW_04_CodeDocumentationAndComments\Help\Working\Output\HtmlHelp1\icons\drpdown_orange_up.gif
C:\Program Files (x86)\Sandcastle\\Presentation\VS2005\icons\drpup.gif -&gt; F:\TELERIK\01 C#\04. High Quality Code\Homeworks\HW_04_CodeDocumentationAndComments\Help\Working\Output\HtmlHelp1\icons\drpup.gif
C:\Program Files (x86)\Sandcastle\\Presentation\VS2005\icons\exp.gif -&gt; F:\TELERIK\01 C#\04. High Quality Code\Homeworks\HW_04_CodeDocumentationAndComments\Help\Working\Output\HtmlHelp1\icons\exp.gif
C:\Program Files (x86)\Sandcastle\\Presentation\VS2005\icons\expall.gif -&gt; F:\TELERIK\01 C#\04. High Quality Code\Homeworks\HW_04_CodeDocumentationAndComments\Help\Working\Output\HtmlHelp1\icons\expall.gif
C:\Program Files (x86)\Sandcastle\\Presentation\VS2005\icons\expand_all.gif -&gt; F:\TELERIK\01 C#\04. High Quality Code\Homeworks\HW_04_CodeDocumentationAndComments\Help\Working\Output\HtmlHelp1\icons\expand_all.gif
C:\Program Files (x86)\Sandcastle\\Presentation\VS2005\icons\filter1a.gif -&gt; F:\TELERIK\01 C#\04. High Quality Code\Homeworks\HW_04_CodeDocumentationAndComments\Help\Working\Output\HtmlHelp1\icons\filter1a.gif
C:\Program Files (x86)\Sandcastle\\Presentation\VS2005\icons\filter1c.gif -&gt; F:\TELERIK\01 C#\04. High Quality Code\Homeworks\HW_04_CodeDocumentationAndComments\Help\Working\Output\HtmlHelp1\icons\filter1c.gif
C:\Program Files (x86)\Sandcastle\\Presentation\VS2005\icons\footer.gif -&gt; F:\TELERIK\01 C#\04. High Quality Code\Homeworks\HW_04_CodeDocumentationAndComments\Help\Working\Output\HtmlHelp1\icons\footer.gif
C:\Program Files (x86)\Sandcastle\\Presentation\VS2005\icons\gradient.gif -&gt; F:\TELERIK\01 C#\04. High Quality Code\Homeworks\HW_04_CodeDocumentationAndComments\Help\Working\Output\HtmlHelp1\icons\gradient.gif
C:\Program Files (x86)\Sandcastle\\Presentation\VS2005\icons\greencheck.gif -&gt; F:\TELERIK\01 C#\04. High Quality Code\Homeworks\HW_04_CodeDocumentationAndComments\Help\Working\Output\HtmlHelp1\icons\greencheck.gif
C:\Program Files (x86)\Sandcastle\\Presentation\VS2005\icons\greychck.gif -&gt; F:\TELERIK\01 C#\04. High Quality Code\Homeworks\HW_04_CodeDocumentationAndComments\Help\Working\Output\HtmlHelp1\icons\greychck.gif
C:\Program Files (x86)\Sandcastle\\Presentation\VS2005\icons\header_prev_next.jpg -&gt; F:\TELERIK\01 C#\04. High Quality Code\Homeworks\HW_04_CodeDocumentationAndComments\Help\Working\Output\HtmlHelp1\icons\header_prev_next.jpg
C:\Program Files (x86)\Sandcastle\\Presentation\VS2005\icons\header_sql_tutorial_blank.jpg -&gt; F:\TELERIK\01 C#\04. High Quality Code\Homeworks\HW_04_CodeDocumentationAndComments\Help\Working\Output\HtmlHelp1\icons\header_sql_tutorial_blank.jpg
C:\Program Files (x86)\Sandcastle\\Presentation\VS2005\icons\header_sql_tutorial_logo.GIF -&gt; F:\TELERIK\01 C#\04. High Quality Code\Homeworks\HW_04_CodeDocumentationAndComments\Help\Working\Output\HtmlHelp1\icons\header_sql_tutorial_logo.GIF
C:\Program Files (x86)\Sandcastle\\Presentation\VS2005\icons\kw.gif -&gt; F:\TELERIK\01 C#\04. High Quality Code\Homeworks\HW_04_CodeDocumentationAndComments\Help\Working\Output\HtmlHelp1\icons\kw.gif
C:\Program Files (x86)\Sandcastle\\Presentation\VS2005\icons\kw_adm.gif -&gt; F:\TELERIK\01 C#\04. High Quality Code\Homeworks\HW_04_CodeDocumentationAndComments\Help\Working\Output\HtmlHelp1\icons\kw_adm.gif
C:\Program Files (x86)\Sandcastle\\Presentation\VS2005\icons\kw_adm_arch.gif -&gt; F:\TELERIK\01 C#\04. High Quality Code\Homeworks\HW_04_CodeDocumentationAndComments\Help\Working\Output\HtmlHelp1\icons\kw_adm_arch.gif
C:\Program Files (x86)\Sandcastle\\Presentation\VS2005\icons\kw_adm_dev.gif -&gt; F:\TELERIK\01 C#\04. High Quality Code\Homeworks\HW_04_CodeDocumentationAndComments\Help\Working\Output\HtmlHelp1\icons\kw_adm_dev.gif
C:\Program Files (x86)\Sandcastle\\Presentation\VS2005\icons\kw_adm_dev_arch.gif -&gt; F:\TELERIK\01 C#\04. High Quality Code\Homeworks\HW_04_CodeDocumentationAndComments\Help\Working\Output\HtmlHelp1\icons\kw_adm_dev_arch.gif
C:\Program Files (x86)\Sandcastle\\Presentation\VS2005\icons\kw_arch.gif -&gt; F:\TELERIK\01 C#\04. High Quality Code\Homeworks\HW_04_CodeDocumentationAndComments\Help\Working\Output\HtmlHelp1\icons\kw_arch.gif
C:\Program Files (x86)\Sandcastle\\Presentation\VS2005\icons\kw_dev.gif -&gt; F:\TELERIK\01 C#\04. High Quality Code\Homeworks\HW_04_CodeDocumentationAndComments\Help\Working\Output\HtmlHelp1\icons\kw_dev.gif
C:\Program Files (x86)\Sandcastle\\Presentation\VS2005\icons\kw_dev_arch.gif -&gt; F:\TELERIK\01 C#\04. High Quality Code\Homeworks\HW_04_CodeDocumentationAndComments\Help\Working\Output\HtmlHelp1\icons\kw_dev_arch.gif
C:\Program Files (x86)\Sandcastle\\Presentation\VS2005\icons\LastChild.gif -&gt; F:\TELERIK\01 C#\04. High Quality Code\Homeworks\HW_04_CodeDocumentationAndComments\Help\Working\Output\HtmlHelp1\icons\LastChild.gif
C:\Program Files (x86)\Sandcastle\\Presentation\VS2005\icons\load.gif -&gt; F:\TELERIK\01 C#\04. High Quality Code\Homeworks\HW_04_CodeDocumentationAndComments\Help\Working\Output\HtmlHelp1\icons\load.gif
C:\Program Files (x86)\Sandcastle\\Presentation\VS2005\icons\load_hover.gif -&gt; F:\TELERIK\01 C#\04. High Quality Code\Homeworks\HW_04_CodeDocumentationAndComments\Help\Working\Output\HtmlHelp1\icons\load_hover.gif
C:\Program Files (x86)\Sandcastle\\Presentation\VS2005\icons\note.gif -&gt; F:\TELERIK\01 C#\04. High Quality Code\Homeworks\HW_04_CodeDocumentationAndComments\Help\Working\Output\HtmlHelp1\icons\note.gif
C:\Program Files (x86)\Sandcastle\\Presentation\VS2005\icons\pencil.GIF -&gt; F:\TELERIK\01 C#\04. High Quality Code\Homeworks\HW_04_CodeDocumentationAndComments\Help\Working\Output\HtmlHelp1\icons\pencil.GIF
C:\Program Files (x86)\Sandcastle\\Presentation\VS2005\icons\privclass.gif -&gt; F:\TELERIK\01 C#\04. High Quality Code\Homeworks\HW_04_CodeDocumentationAndComments\Help\Working\Output\HtmlHelp1\icons\privclass.gif
C:\Program Files (x86)\Sandcastle\\Presentation\VS2005\icons\privdelegate.gif -&gt; F:\TELERIK\01 C#\04. High Quality Code\Homeworks\HW_04_CodeDocumentationAndComments\Help\Working\Output\HtmlHelp1\icons\privdelegate.gif
C:\Program Files (x86)\Sandcastle\\Presentation\VS2005\icons\privenum.gif -&gt; F:\TELERIK\01 C#\04. High Quality Code\Homeworks\HW_04_CodeDocumentationAndComments\Help\Working\Output\HtmlHelp1\icons\privenum.gif
C:\Program Files (x86)\Sandcastle\\Presentation\VS2005\icons\privenumeration.gif -&gt; F:\TELERIK\01 C#\04. High Quality Code\Homeworks\HW_04_CodeDocumentationAndComments\Help\Working\Output\HtmlHelp1\icons\privenumeration.gif
C:\Program Files (x86)\Sandcastle\\Presentation\VS2005\icons\privevent.gif -&gt; F:\TELERIK\01 C#\04. High Quality Code\Homeworks\HW_04_CodeDocumentationAndComments\Help\Working\Output\HtmlHelp1\icons\privevent.gif
C:\Program Files (x86)\Sandcastle\\Presentation\VS2005\icons\privextension.gif -&gt; F:\TELERIK\01 C#\04. High Quality Code\Homeworks\HW_04_CodeDocumentationAndComments\Help\Working\Output\HtmlHelp1\icons\privextension.gif
C:\Program Files (x86)\Sandcastle\\Presentation\VS2005\icons\privfield.gif -&gt; F:\TELERIK\01 C#\04. High Quality Code\Homeworks\HW_04_CodeDocumentationAndComments\Help\Working\Output\HtmlHelp1\icons\privfield.gif
C:\Program Files (x86)\Sandcastle\\Presentation\VS2005\icons\privinterface.gif -&gt; F:\TELERIK\01 C#\04. High Quality Code\Homeworks\HW_04_CodeDocumentationAndComments\Help\Working\Output\HtmlHelp1\icons\privinterface.gif
C:\Program Files (x86)\Sandcastle\\Presentation\VS2005\icons\privmethod.gif -&gt; F:\TELERIK\01 C#\04. High Quality Code\Homeworks\HW_04_CodeDocumentationAndComments\Help\Working\Output\HtmlHelp1\icons\privmethod.gif
C:\Program Files (x86)\Sandcastle\\Presentation\VS2005\icons\privproperty.gif -&gt; F:\TELERIK\01 C#\04. High Quality Code\Homeworks\HW_04_CodeDocumentationAndComments\Help\Working\Output\HtmlHelp1\icons\privproperty.gif
C:\Program Files (x86)\Sandcastle\\Presentation\VS2005\icons\privstructure.gif -&gt; F:\TELERIK\01 C#\04. High Quality Code\Homeworks\HW_04_CodeDocumentationAndComments\Help\Working\Output\HtmlHelp1\icons\privstructure.gif
C:\Program Files (x86)\Sandcastle\\Presentation\VS2005\icons\protclass.gif -&gt; F:\TELERIK\01 C#\04. High Quality Code\Homeworks\HW_04_CodeDocumentationAndComments\Help\Working\Output\HtmlHelp1\icons\protclass.gif
C:\Program Files (x86)\Sandcastle\\Presentation\VS2005\icons\protdelegate.gif -&gt; F:\TELERIK\01 C#\04. High Quality Code\Homeworks\HW_04_CodeDocumentationAndComments\Help\Working\Output\HtmlHelp1\icons\protdelegate.gif
C:\Program Files (x86)\Sandcastle\\Presentation\VS2005\icons\protenum.gif -&gt; F:\TELERIK\01 C#\04. High Quality Code\Homeworks\HW_04_CodeDocumentationAndComments\Help\Working\Output\HtmlHelp1\icons\protenum.gif
C:\Program Files (x86)\Sandcastle\\Presentation\VS2005\icons\protenumeration.gif -&gt; F:\TELERIK\01 C#\04. High Quality Code\Homeworks\HW_04_CodeDocumentationAndComments\Help\Working\Output\HtmlHelp1\icons\protenumeration.gif
C:\Program Files (x86)\Sandcastle\\Presentation\VS2005\icons\protevent.gif -&gt; F:\TELERIK\01 C#\04. High Quality Code\Homeworks\HW_04_CodeDocumentationAndComments\Help\Working\Output\HtmlHelp1\icons\protevent.gif
C:\Program Files (x86)\Sandcastle\\Presentation\VS2005\icons\protextension.gif -&gt; F:\TELERIK\01 C#\04. High Quality Code\Homeworks\HW_04_CodeDocumentationAndComments\Help\Working\Output\HtmlHelp1\icons\protextension.gif
C:\Program Files (x86)\Sandcastle\\Presentation\VS2005\icons\protfield.gif -&gt; F:\TELERIK\01 C#\04. High Quality Code\Homeworks\HW_04_CodeDocumentationAndComments\Help\Working\Output\HtmlHelp1\icons\protfield.gif
C:\Program Files (x86)\Sandcastle\\Presentation\VS2005\icons\protinterface.gif -&gt; F:\TELERIK\01 C#\04. High Quality Code\Homeworks\HW_04_CodeDocumentationAndComments\Help\Working\Output\HtmlHelp1\icons\protinterface.gif
C:\Program Files (x86)\Sandcastle\\Presentation\VS2005\icons\protmethod.gif -&gt; F:\TELERIK\01 C#\04. High Quality Code\Homeworks\HW_04_CodeDocumentationAndComments\Help\Working\Output\HtmlHelp1\icons\protmethod.gif
C:\Program Files (x86)\Sandcastle\\Presentation\VS2005\icons\protoperator.gif -&gt; F:\TELERIK\01 C#\04. High Quality Code\Homeworks\HW_04_CodeDocumentationAndComments\Help\Working\Output\HtmlHelp1\icons\protoperator.gif
C:\Program Files (x86)\Sandcastle\\Presentation\VS2005\icons\protproperty.gif -&gt; F:\TELERIK\01 C#\04. High Quality Code\Homeworks\HW_04_CodeDocumentationAndComments\Help\Working\Output\HtmlHelp1\icons\protproperty.gif
C:\Program Files (x86)\Sandcastle\\Presentation\VS2005\icons\protstructure.gif -&gt; F:\TELERIK\01 C#\04. High Quality Code\Homeworks\HW_04_CodeDocumentationAndComments\Help\Working\Output\HtmlHelp1\icons\protstructure.gif
C:\Program Files (x86)\Sandcastle\\Presentation\VS2005\icons\pubclass.gif -&gt; F:\TELERIK\01 C#\04. High Quality Code\Homeworks\HW_04_CodeDocumentationAndComments\Help\Working\Output\HtmlHelp1\icons\pubclass.gif
C:\Program Files (x86)\Sandcastle\\Presentation\VS2005\icons\pubdelegate.gif -&gt; F:\TELERIK\01 C#\04. High Quality Code\Homeworks\HW_04_CodeDocumentationAndComments\Help\Working\Output\HtmlHelp1\icons\pubdelegate.gif
C:\Program Files (x86)\Sandcastle\\Presentation\VS2005\icons\pubenum.gif -&gt; F:\TELERIK\01 C#\04. High Quality Code\Homeworks\HW_04_CodeDocumentationAndComments\Help\Working\Output\HtmlHelp1\icons\pubenum.gif
C:\Program Files (x86)\Sandcastle\\Presentation\VS2005\icons\pubenumeration.gif -&gt; F:\TELERIK\01 C#\04. High Quality Code\Homeworks\HW_04_CodeDocumentationAndComments\Help\Working\Output\HtmlHelp1\icons\pubenumeration.gif
C:\Program Files (x86)\Sandcastle\\Presentation\VS2005\icons\pubevent.gif -&gt; F:\TELERIK\01 C#\04. High Quality Code\Homeworks\HW_04_CodeDocumentationAndComments\Help\Working\Output\HtmlHelp1\icons\pubevent.gif
C:\Program Files (x86)\Sandcastle\\Presentation\VS2005\icons\pubextension.gif -&gt; F:\TELERIK\01 C#\04. High Quality Code\Homeworks\HW_04_CodeDocumentationAndComments\Help\Working\Output\HtmlHelp1\icons\pubextension.gif
C:\Program Files (x86)\Sandcastle\\Presentation\VS2005\icons\pubfield.gif -&gt; F:\TELERIK\01 C#\04. High Quality Code\Homeworks\HW_04_CodeDocumentationAndComments\Help\Working\Output\HtmlHelp1\icons\pubfield.gif
C:\Program Files (x86)\Sandcastle\\Presentation\VS2005\icons\pubinterface.gif -&gt; F:\TELERIK\01 C#\04. High Quality Code\Homeworks\HW_04_CodeDocumentationAndComments\Help\Working\Output\HtmlHelp1\icons\pubinterface.gif
C:\Program Files (x86)\Sandcastle\\Presentation\VS2005\icons\pubmethod.gif -&gt; F:\TELERIK\01 C#\04. High Quality Code\Homeworks\HW_04_CodeDocumentationAndComments\Help\Working\Output\HtmlHelp1\icons\pubmethod.gif
C:\Program Files (x86)\Sandcastle\\Presentation\VS2005\icons\puboperator.gif -&gt; F:\TELERIK\01 C#\04. High Quality Code\Homeworks\HW_04_CodeDocumentationAndComments\Help\Working\Output\HtmlHelp1\icons\puboperator.gif
C:\Program Files (x86)\Sandcastle\\Presentation\VS2005\icons\pubproperty.gif -&gt; F:\TELERIK\01 C#\04. High Quality Code\Homeworks\HW_04_CodeDocumentationAndComments\Help\Working\Output\HtmlHelp1\icons\pubproperty.gif
C:\Program Files (x86)\Sandcastle\\Presentation\VS2005\icons\pubstructure.gif -&gt; F:\TELERIK\01 C#\04. High Quality Code\Homeworks\HW_04_CodeDocumentationAndComments\Help\Working\Output\HtmlHelp1\icons\pubstructure.gif
C:\Program Files (x86)\Sandcastle\\Presentation\VS2005\icons\requirements1a.gif -&gt; F:\TELERIK\01 C#\04. High Quality Code\Homeworks\HW_04_CodeDocumentationAndComments\Help\Working\Output\HtmlHelp1\icons\requirements1a.gif
C:\Program Files (x86)\Sandcastle\\Presentation\VS2005\icons\requirements1c.gif -&gt; F:\TELERIK\01 C#\04. High Quality Code\Homeworks\HW_04_CodeDocumentationAndComments\Help\Working\Output\HtmlHelp1\icons\requirements1c.gif
C:\Program Files (x86)\Sandcastle\\Presentation\VS2005\icons\save.gif -&gt; F:\TELERIK\01 C#\04. High Quality Code\Homeworks\HW_04_CodeDocumentationAndComments\Help\Working\Output\HtmlHelp1\icons\save.gif
C:\Program Files (x86)\Sandcastle\\Presentation\VS2005\icons\save_hover.gif -&gt; F:\TELERIK\01 C#\04. High Quality Code\Homeworks\HW_04_CodeDocumentationAndComments\Help\Working\Output\HtmlHelp1\icons\save_hover.gif
C:\Program Files (x86)\Sandcastle\\Presentation\VS2005\icons\security.gif -&gt; F:\TELERIK\01 C#\04. High Quality Code\Homeworks\HW_04_CodeDocumentationAndComments\Help\Working\Output\HtmlHelp1\icons\security.gif
C:\Program Files (x86)\Sandcastle\\Presentation\VS2005\icons\seealso1a.gif -&gt; F:\TELERIK\01 C#\04. High Quality Code\Homeworks\HW_04_CodeDocumentationAndComments\Help\Working\Output\HtmlHelp1\icons\seealso1a.gif
C:\Program Files (x86)\Sandcastle\\Presentation\VS2005\icons\seealso1c.gif -&gt; F:\TELERIK\01 C#\04. High Quality Code\Homeworks\HW_04_CodeDocumentationAndComments\Help\Working\Output\HtmlHelp1\icons\seealso1c.gif
C:\Program Files (x86)\Sandcastle\\Presentation\VS2005\icons\slMobile.gif -&gt; F:\TELERIK\01 C#\04. High Quality Code\Homeworks\HW_04_CodeDocumentationAndComments\Help\Working\Output\HtmlHelp1\icons\slMobile.gif
C:\Program Files (x86)\Sandcastle\\Presentation\VS2005\icons\static.gif -&gt; F:\TELERIK\01 C#\04. High Quality Code\Homeworks\HW_04_CodeDocumentationAndComments\Help\Working\Output\HtmlHelp1\icons\static.gif
C:\Program Files (x86)\Sandcastle\\Presentation\VS2005\icons\xna.gif -&gt; F:\TELERIK\01 C#\04. High Quality Code\Homeworks\HW_04_CodeDocumentationAndComments\Help\Working\Output\HtmlHelp1\icons\xna.gif
C:\Program Files (x86)\Sandcastle\\Presentation\VS2005\scripts\CheckboxMenu.js -&gt; F:\TELERIK\01 C#\04. High Quality Code\Homeworks\HW_04_CodeDocumentationAndComments\Help\Working\Output\HtmlHelp1\scripts\CheckboxMenu.js
C:\Program Files (x86)\Sandcastle\\Presentation\VS2005\scripts\CommonUtilities.js -&gt; F:\TELERIK\01 C#\04. High Quality Code\Homeworks\HW_04_CodeDocumentationAndComments\Help\Working\Output\HtmlHelp1\scripts\CommonUtilities.js
C:\Program Files (x86)\Sandcastle\\Presentation\VS2005\scripts\Dropdown.js -&gt; F:\TELERIK\01 C#\04. High Quality Code\Homeworks\HW_04_CodeDocumentationAndComments\Help\Working\Output\HtmlHelp1\scripts\Dropdown.js
C:\Program Files (x86)\Sandcastle\\Presentation\VS2005\scripts\EventUtilities.js -&gt; F:\TELERIK\01 C#\04. High Quality Code\Homeworks\HW_04_CodeDocumentationAndComments\Help\Working\Output\HtmlHelp1\scripts\EventUtilities.js
C:\Program Files (x86)\Sandcastle\\Presentation\VS2005\scripts\script_feedBack.js -&gt; F:\TELERIK\01 C#\04. High Quality Code\Homeworks\HW_04_CodeDocumentationAndComments\Help\Working\Output\HtmlHelp1\scripts\script_feedBack.js
C:\Program Files (x86)\Sandcastle\\Presentation\VS2005\scripts\script_manifold.js -&gt; F:\TELERIK\01 C#\04. High Quality Code\Homeworks\HW_04_CodeDocumentationAndComments\Help\Working\Output\HtmlHelp1\scripts\script_manifold.js
C:\Program Files (x86)\Sandcastle\\Presentation\VS2005\scripts\SplitScreen.js -&gt; F:\TELERIK\01 C#\04. High Quality Code\Homeworks\HW_04_CodeDocumentationAndComments\Help\Working\Output\HtmlHelp1\scripts\SplitScreen.js
C:\Program Files (x86)\Sandcastle\\Presentation\VS2005\styles\Presentation.css -&gt; F:\TELERIK\01 C#\04. High Quality Code\Homeworks\HW_04_CodeDocumentationAndComments\Help\Working\Output\HtmlHelp1\styles\Presentation.css
C:\Program Files (x86)\Sandcastle\\Presentation\VS2005\styles\Whidbey\Presentation.css -&gt; F:\TELERIK\01 C#\04. High Quality Code\Homeworks\HW_04_CodeDocumentationAndComments\Help\Working\Output\HtmlHelp1\styles\Whidbey\Presentation.css
    Last step completed in 00:00:01.5651
</buildStep>
<buildStep step="CopyAdditionalContent">
Copying additional content files...
No additional content to copy
    Last step completed in 00:00:00.0120
</buildStep>
<buildStep step="MergeTablesOfContents">
Merging conceptual and additional tables of contents...
    Last step completed in 00:00:00.0040
</buildStep>
<buildStep step="GenerateIntermediateTableOfContents">
Generating intermediate table of contents file...
[C:\Windows\Microsoft.NET\Framework64\v4.0.30319\MSBuild.exe]
  XslTransform (v2.7.3.0)
  Copyright c 2006-2013, Microsoft Corporation, All Rights Reserved.
  Portions Copyright c 2006-2013, Eric Woodruff, All Rights Reserved.
  Info: Applying XSL transformation &#39;C:\Program Files (x86)\Sandcastle\\ProductionTransforms\CreateVSToc.xsl&#39;.
Generating conceptual content intermediate TOC file...
    Last step completed in 00:00:00.3350
</buildStep>
<buildStep step="CreateBuildAssemblerConfigs">
Creating Sandcastle configuration files...
    sandcastle.config
    Last step completed in 00:00:00.4840
</buildStep>
<buildStep step="MergeCustomConfigs">
Merging custom build component configurations
F:\TELERIK\01 C#\04. High Quality Code\Homeworks\HW_04_CodeDocumentationAndComments\Help\Working\sandcastle.config
    Last step completed in 00:00:00.1130
</buildStep>
<buildStep step="BuildReferenceTopics">
Building reference help topics...
[C:\Windows\Microsoft.NET\Framework64\v4.0.30319\MSBuild.exe]
  BuildAssembler (v2.7.3.0)
  Copyright c 2006-2013, Microsoft Corporation, All Rights Reserved.
  Portions Copyright c 2006-2013, Eric Woodruff, All Rights Reserved.
  Info: Loading configuration...
    Last step completed in 00:00:10.0166
</buildStep>
<buildStep step="Canceled">

SHFB: Error BE0064: BUILD CANCELLED BY USER

</buildStep>
</shfbBuild>
